\BOOKMARK [1][-]{section.1}{\376\377\000O\000b\000j\000e\000t\000i\000v\000o\000\040\000d\000e\000\040\000l\000a\000\040\000p\000r\000\341\000c\000t\000i\000c\000a}{}% 1
\BOOKMARK [1][-]{section.2}{\376\377\000D\000e\000s\000c\000r\000i\000p\000c\000i\000\363\000n\000\040\000d\000e\000l\000\040\000c\000\363\000d\000i\000g\000o\000\040\000J\000a\000v\000a\000\040\000e\000v\000a\000l\000u\000a\000d\000o}{}% 2
\BOOKMARK [2][-]{subsection.2.1}{\376\377\000L\000\363\000g\000i\000c\000a\000\040\000d\000e\000\040\000n\000e\000g\000o\000c\000i\000o\000\040\000e\000\040\000i\000n\000t\000e\000r\000f\000a\000z\000\040\000d\000e\000\040\000u\000s\000u\000a\000r\000i\000o\000\040\000i\000m\000p\000l\000e\000m\000e\000n\000t\000a\000d\000a\000s}{section.2}% 3
\BOOKMARK [1][-]{section.3}{\376\377\000I\000n\000s\000t\000a\000l\000a\000c\000i\000\363\000n\000\040\000y\000\040\000c\000o\000n\000f\000i\000g\000u\000r\000a\000c\000i\000\363\000n\000\040\000d\000e\000\040\000P\000M\000D}{}% 4
\BOOKMARK [1][-]{section.4}{\376\377\000R\000e\000g\000l\000a\000s\000\040\000u\000t\000i\000l\000i\000z\000a\000d\000a\000s\000\040\000y\000\040\000j\000u\000s\000t\000i\000f\000i\000c\000a\000c\000i\000\363\000n}{}% 5
\BOOKMARK [1][-]{section.5}{\376\377\000S\000e\000c\000u\000e\000n\000c\000i\000a\000\040\000d\000e\000\040\000c\000o\000m\000a\000n\000d\000o\000s\000\040\000e\000j\000e\000c\000u\000t\000a\000d\000o\000s}{}% 6
\BOOKMARK [1][-]{section.6}{\376\377\000R\000e\000s\000u\000l\000t\000a\000d\000o\000s\000\040\000o\000b\000t\000e\000n\000i\000d\000o\000s\000\040\000c\000o\000n\000\040\000P\000M\000D\000\040\000y\000\040\000R\000e\000f\000e\000r\000e\000n\000c\000i\000a\000\040\000a\000\040\000l\000o\000s\000\040\000R\000e\000p\000o\000r\000t\000e\000s\000\040\000d\000e\000l\000\040\000P\000r\000o\000g\000r\000a\000m\000a}{}% 7
\BOOKMARK [2][-]{subsection.6.1}{\376\377\000E\000l\000\040\000R\000e\000p\000o\000r\000t\000e\000\040\000E\000s\000t\000r\000u\000c\000t\000u\000r\000a\000d\000o\000\040\000X\000M\000L\000:\000\040\000t\000a\000r\000g\000e\000t\000/\000p\000m\000d\000-\000o\000r\000i\000g\000i\000n\000a\000l\000.\000x\000m\000l}{section.6}% 8
\BOOKMARK [2][-]{subsection.6.2}{\376\377\000E\000l\000\040\000R\000e\000p\000o\000r\000t\000e\000\040\000I\000n\000t\000e\000r\000a\000c\000t\000i\000v\000o\000\040\000H\000T\000M\000L\000:\000\040\000t\000a\000r\000g\000e\000t\000/\000r\000e\000p\000o\000r\000t\000s\000/\000p\000m\000d\000-\000o\000r\000i\000g\000i\000n\000a\000l\000.\000h\000t\000m\000l}{section.6}% 9
\BOOKMARK [2][-]{subsection.6.3}{\376\377\000R\000e\000s\000u\000m\000e\000n\000\040\000d\000e\000\040\000l\000a\000s\000\040\000v\000i\000o\000l\000a\000c\000i\000o\000n\000e\000s\000\040\000d\000e\000t\000e\000c\000t\000a\000d\000a\000s}{section.6}% 10
\BOOKMARK [1][-]{section.7}{\376\377\000L\000i\000s\000t\000a\000d\000o\000\040\000e\000\040\000i\000n\000t\000e\000r\000p\000r\000e\000t\000a\000c\000i\000\363\000n\000\040\000d\000e\000\040\000l\000o\000s\000\040\000e\000r\000r\000o\000r\000e\000s\000\040\000d\000e\000t\000e\000c\000t\000a\000d\000o\000s}{}% 11
\BOOKMARK [2][-]{subsection.7.1}{\376\377\000F\000i\000c\000h\000a\000\040\000d\000e\000\040\000V\000i\000o\000l\000a\000c\000i\000\363\000n\000:\000\040\000N\000u\000l\000l\000A\000s\000s\000i\000g\000n\000m\000e\000n\000t\000\040\000\050\000E\000r\000r\000o\000r\000\040\000P\000r\000o\000n\000e\000\051}{section.7}% 12
\BOOKMARK [2][-]{subsection.7.2}{\376\377\000F\000i\000c\000h\000a\000\040\000d\000e\000\040\000V\000i\000o\000l\000a\000c\000i\000\363\000n\000:\000\040\000C\000o\000m\000p\000a\000r\000e\000O\000b\000j\000e\000c\000t\000s\000W\000i\000t\000h\000E\000q\000u\000a\000l\000s\000\040\000\050\000E\000r\000r\000o\000r\000\040\000P\000r\000o\000n\000e\000\051}{section.7}% 13
\BOOKMARK [2][-]{subsection.7.3}{\376\377\000F\000i\000c\000h\000a\000\040\000d\000e\000\040\000V\000i\000o\000l\000a\000c\000i\000\363\000n\000:\000\040\000L\000o\000c\000a\000l\000V\000a\000r\000i\000a\000b\000l\000e\000C\000o\000u\000l\000d\000B\000e\000F\000i\000n\000a\000l\000\040\000\050\000C\000o\000d\000e\000\040\000S\000t\000y\000l\000e\000\051}{section.7}% 14
\BOOKMARK [2][-]{subsection.7.4}{\376\377\000F\000i\000c\000h\000a\000\040\000d\000e\000\040\000V\000i\000o\000l\000a\000c\000i\000\363\000n\000:\000\040\000U\000n\000n\000e\000c\000e\000s\000s\000a\000r\000y\000C\000o\000n\000s\000t\000r\000u\000c\000t\000o\000r\000\040\000\050\000C\000o\000d\000e\000\040\000S\000t\000y\000l\000e\000\051}{section.7}% 15
\BOOKMARK [2][-]{subsection.7.5}{\376\377\000F\000i\000c\000h\000a\000\040\000d\000e\000\040\000V\000i\000o\000l\000a\000c\000i\000\363\000n\000:\000\040\000A\000v\000o\000i\000d\000I\000n\000s\000t\000a\000n\000t\000i\000a\000t\000i\000n\000g\000O\000b\000j\000e\000c\000t\000s\000I\000n\000L\000o\000o\000p\000s\000\040\000\050\000P\000e\000r\000f\000o\000r\000m\000a\000n\000c\000e\000\051}{section.7}% 16
\BOOKMARK [1][-]{section.8}{\376\377\000R\000e\000l\000a\000c\000i\000\363\000n\000\040\000c\000o\000n\000\040\000l\000a\000\040\000c\000a\000l\000i\000d\000a\000d\000\040\000d\000e\000l\000\040\000s\000o\000f\000t\000w\000a\000r\000e\000\040\000s\000e\000g\000\372\000n\000\040\000I\000S\000O\000/\000I\000E\000C\000\040\0002\0005\0000\0000\0000}{}% 17
\BOOKMARK [1][-]{section.9}{\376\377\000C\000o\000n\000c\000l\000u\000s\000i\000o\000n\000e\000s\000\040\000y\000\040\000r\000e\000s\000o\000l\000u\000c\000i\000\363\000n\000\040\000d\000e\000\040\000h\000a\000l\000l\000a\000z\000g\000o\000s}{}% 18
\BOOKMARK [1][-]{Item.4}{\376\377\000A\000n\000e\000x\000o\000\040\000A\000:\000\040\000E\000v\000i\000d\000e\000n\000c\000i\000a\000s\000\040\000d\000e\000\040\000s\000a\000l\000i\000d\000a}{}% 19
\BOOKMARK [1][-]{lstnumber.2.8}{\376\377\000A\000n\000e\000x\000o\000\040\000B\000:\000\040\000M\000a\000t\000e\000r\000i\000a\000l\000e\000s\000\040\000y\000\040\000b\000i\000b\000l\000i\000o\000g\000r\000a\000f\000\355\000a}{}% 20
